<?xml version="1.0" encoding="UTF-8"?>
<!-- Generated by org.testng.reporters.JUnitXMLReporter -->
<testsuite ignored="0" hostname="TranTrungNghia" failures="0" tests="3" name="Default test" time="82.789" errors="0" timestamp="2021-12-08T12:37:15 ICT">
  <testcase classname="AutoTestNG_EditVideo.CRUDVideo" name="testAdd" time="41.064"/>
  <testcase classname="AutoTestNG_EditVideo.CRUDVideo" name="testUpdate" time="27.651"/>
  <testcase classname="AutoTestNG_EditVideo.CRUDVideo" name="testDelete" time="9.549"/>
</testsuite> <!-- Default test -->
