<?xml version="1.0" encoding="UTF-8"?>
<!-- Generated by org.testng.reporters.JUnitXMLReporter -->
<testsuite ignored="0" hostname="TranTrungNghia" failures="0" tests="10" name="all-tests" time="221.107" errors="0" timestamp="2021-12-08T12:51:53 ICT">
  <testcase classname="AutoTestNG_Login.LoginTest" name="LoginTest" time="34.041"/>
  <testcase classname="AutoTestNG_Regis.RegisTest" name="RegisTest" time="34.572"/>
  <testcase classname="AutoTestNG_EditUser.RegisterUser" name="testAdd" time="13.806"/>
  <testcase classname="AutoTestNG_EditUser.RegisterUser" name="testUpdate" time="10.451"/>
  <testcase classname="AutoTestNG_EditUser.RegisterUser" name="testDelete" time="3.165"/>
  <testcase classname="AutoTestNG_EditVideo.CRUDVideo" name="testAdd" time="34.316"/>
  <testcase classname="AutoTestNG_EditVideo.CRUDVideo" name="testUpdate" time="27.002"/>
  <testcase classname="AutoTestNG_EditVideo.CRUDVideo" name="testDelete" time="9.191"/>
  <testcase classname="AutoTestNG_ChangePassword.ChangePassword" name="testChangePassword" time="24.921"/>
  <testcase classname="AutoTestNG_ForgotPassword.ForgotPassword" name="testForgotPassword" time="18.325"/>
</testsuite> <!-- all-tests -->
